#
# There is insufficient memory for the Java Runtime Environment to continue.
# Native memory allocation (mmap) failed to map 24641536 bytes for committing reserved memory.
# Possible reasons:
#   The system is out of physical RAM or swap space
#   In 32 bit mode, the process size limit was hit
# Possible solutions:
#   Reduce memory load on the system
#   Increase physical memory or swap space
#   Check if swap backing store is full
#   Use 64 bit Java on a 64 bit OS
#   Decrease Java heap size (-Xmx/-Xms)
#   Decrease number of Java threads
#   Decrease Java thread stack sizes (-Xss)
#   Set larger code cache with -XX:ReservedCodeCacheSize=
# This output file may be truncated or incomplete.
#
#  Out of Memory Error (os_linux.cpp:2643), pid=23985, tid=0x00007fca7b4d3700
#
# JRE version: OpenJDK Runtime Environment (8.0_162-b12) (build 1.8.0_162-8u162-b12-1~deb9u1-b12)
# Java VM: OpenJDK 64-Bit Server VM (25.162-b12 mixed mode linux-amd64 compressed oops)
# Failed to write core dump. Core dumps have been disabled. To enable core dumping, try "ulimit -c unlimited" before starting Java again
#

---------------  T H R E A D  ---------------

Current thread (0x00007fca94078800):  VMThread [stack: 0x00007fca7b3d3000,0x00007fca7b4d4000] [id=23996]

Stack: [0x00007fca7b3d3000,0x00007fca7b4d4000],  sp=0x00007fca7b4d24d0,  free space=1021k
Native frames: (J=compiled Java code, j=interpreted, Vv=VM code, C=native code)
V  [libjvm.so+0xa70430]
V  [libjvm.so+0x4c7b2c]
V  [libjvm.so+0x8be2f8]
V  [libjvm.so+0x8b889e]
V  [libjvm.so+0x933bce]
V  [libjvm.so+0x934f53]
V  [libjvm.so+0x9315a3]
V  [libjvm.so+0x93184c]
V  [libjvm.so+0x8e2cf3]
V  [libjvm.so+0xa720f2]
V  [libjvm.so+0xa77377]
V  [libjvm.so+0xa74a27]
V  [libjvm.so+0xa75ea6]
V  [libjvm.so+0xa763a1]
V  [libjvm.so+0x8bb7b2]

VM_Operation (0x00007fca9b26e0a0): ParallelGCFailedAllocation, mode: safepoint, requested by thread 0x00007fca9400b000


---------------  P R O C E S S  ---------------

Java Threads: ( => current thread )
  0x00007fca940c2800 JavaThread "Service Thread" daemon [_thread_blocked, id=24003, stack(0x00007fca7ab31000,0x00007fca7ac32000)]
  0x00007fca940b3000 JavaThread "C1 CompilerThread2" daemon [_thread_blocked, id=24002, stack(0x00007fca7ac32000,0x00007fca7ad33000)]
  0x00007fca940b1800 JavaThread "C2 CompilerThread1" daemon [_thread_blocked, id=24001, stack(0x00007fca7ad33000,0x00007fca7ae34000)]
  0x00007fca940ae800 JavaThread "C2 CompilerThread0" daemon [_thread_blocked, id=24000, stack(0x00007fca7ae34000,0x00007fca7af35000)]
  0x00007fca940ac800 JavaThread "Signal Dispatcher" daemon [_thread_blocked, id=23999, stack(0x00007fca7af35000,0x00007fca7b036000)]
  0x00007fca94084800 JavaThread "Finalizer" daemon [_thread_blocked, id=23998, stack(0x00007fca7b1d1000,0x00007fca7b2d2000)]
  0x00007fca94080000 JavaThread "Reference Handler" daemon [_thread_blocked, id=23997, stack(0x00007fca7b2d2000,0x00007fca7b3d3000)]
  0x00007fca9400b000 JavaThread "main" [_thread_blocked, id=23991, stack(0x00007fca9b170000,0x00007fca9b271000)]

Other Threads:
=>0x00007fca94078800 VMThread [stack: 0x00007fca7b3d3000,0x00007fca7b4d4000] [id=23996]
  0x00007fca940c5000 WatcherThread [stack: 0x00007fca7aa30000,0x00007fca7ab31000] [id=24004]

VM state:at safepoint (normal execution)

VM Mutex/Monitor currently owned by a thread:  ([mutex/lock_event])
[0x00007fca94007430] Threads_lock - owner thread: 0x00007fca94078800
[0x00007fca94007930] Heap_lock - owner thread: 0x00007fca9400b000

Heap:
 PSYoungGen      total 27648K, used 3580K [0x00000000e1780000, 0x00000000e3600000, 0x0000000100000000)
  eden space 24064K, 0% used [0x00000000e1780000,0x00000000e1780000,0x00000000e2f00000)
  from space 3584K, 99% used [0x00000000e2f00000,0x00000000e327f070,0x00000000e3280000)
  to   space 3584K, 0% used [0x00000000e3280000,0x00000000e3280000,0x00000000e3600000)
 ParOldGen       total 62976K, used 13264K [0x00000000a4600000, 0x00000000a8380000, 0x00000000e1780000)
  object space 62976K, 21% used [0x00000000a4600000,0x00000000a52f4050,0x00000000a8380000)
 Metaspace       used 6120K, capacity 6276K, committed 6400K, reserved 1056768K
  class space    used 655K, capacity 704K, committed 768K, reserved 1048576K

Card table byte_map: [0x00007fca84547000,0x00007fca84825000] byte_map_base: 0x00007fca84024000

Marking Bits: (ParMarkBitMap*) 0x00007fca9a475300
 Begin Bits: [0x00007fca8118a000, 0x00007fca82872000)
 End Bits:   [0x00007fca82872000, 0x00007fca83f5a000)

Polling page: 0x00007fca9b29a000

CodeCache: size=245760Kb used=2875Kb max_used=2876Kb free=242885Kb
 bounds [0x00007fca84be5000, 0x00007fca84ec5000, 0x00007fca93be5000]
 total_blobs=865 nmethods=585 adapters=195
 compilation: enabled

Compilation events (10 events):
Event: 1.666 Thread 0x00007fca940b3000  584       3       java.lang.ref.SoftReference::<init> (13 bytes)
Event: 1.669 Thread 0x00007fca940b3000 nmethod 584 0x00007fca84eb3e50 code [0x00007fca84eb3fc0, 0x00007fca84eb42b0]
Event: 1.672 Thread 0x00007fca940b3000  586       3       java.util.BitSet::get (69 bytes)
Event: 1.674 Thread 0x00007fca940b3000 nmethod 586 0x00007fca84eb0510 code [0x00007fca84eb0720, 0x00007fca84eb1088]
Event: 1.674 Thread 0x00007fca940b3000  588       3       sun.util.PreHashedMap::get (73 bytes)
Event: 1.676 Thread 0x00007fca940b3000 nmethod 588 0x00007fca84eaf950 code [0x00007fca84eafb20, 0x00007fca84eb0238]
Event: 1.676 Thread 0x00007fca940b3000  587       1       java.net.URL::getPort (5 bytes)
Event: 1.676 Thread 0x00007fca940b3000 nmethod 587 0x00007fca84eaf690 code [0x00007fca84eaf7e0, 0x00007fca84eaf8f0]
Event: 1.692 Thread 0x00007fca940ae800  589       4       java.lang.String::startsWith (72 bytes)
Event: 1.701 Thread 0x00007fca940b3000  590       3       java.util.Arrays::copyOf (19 bytes)

GC Heap History (1 events):
Event: 1.708 GC heap before
{Heap before GC invocations=1 (full 0):
 PSYoungGen      total 27648K, used 24064K [0x00000000e1780000, 0x00000000e3600000, 0x0000000100000000)
  eden space 24064K, 100% used [0x00000000e1780000,0x00000000e2f00000,0x00000000e2f00000)
  from space 3584K, 0% used [0x00000000e3280000,0x00000000e3280000,0x00000000e3600000)
  to   space 3584K, 0% used [0x00000000e2f00000,0x00000000e2f00000,0x00000000e3280000)
 ParOldGen       total 62976K, used 0K [0x00000000a4600000, 0x00000000a8380000, 0x00000000e1780000)
  object space 62976K, 0% used [0x00000000a4600000,0x00000000a4600000,0x00000000a8380000)
 Metaspace       used 6120K, capacity 6276K, committed 6400K, reserved 1056768K
  class space    used 655K, capacity 704K, committed 768K, reserved 1048576K

Deoptimization events (10 events):
Event: 0.436 Thread 0x00007fca9400b000 Uncommon trap: reason=unstable_if action=reinterpret pc=0x00007fca84d8af94 method=com.sun.org.apache.xerces.internal.impl.XMLEntityScanner.skipSpaces()Z @ 303
Event: 0.484 Thread 0x00007fca9400b000 Uncommon trap: reason=unstable_if action=reinterpret pc=0x00007fca84d7b2f4 method=com.sun.org.apache.xerces.internal.util.SymbolTable.addSymbol([CII)Ljava/lang/String; @ 28
Event: 0.486 Thread 0x00007fca9400b000 Uncommon trap: reason=unstable_if action=reinterpret pc=0x00007fca84d66164 method=com.sun.org.apache.xerces.internal.impl.XMLEntityScanner.scanContent(Lcom/sun/org/apache/xerces/internal/xni/XMLString;)I @ 670
Event: 0.560 Thread 0x00007fca9400b000 Uncommon trap: reason=unstable_if action=reinterpret pc=0x00007fca84dd386c method=com.sun.org.apache.xerces.internal.impl.XMLDocumentFragmentScannerImpl$FragmentContentDriver.next()I @ 1356
Event: 0.901 Thread 0x00007fca9400b000 Uncommon trap: reason=unstable_if action=reinterpret pc=0x00007fca84dbd2f0 method=com.sun.org.apache.xerces.internal.impl.XMLEntityScanner.skipSpaces()Z @ 85
Event: 0.902 Thread 0x00007fca9400b000 Uncommon trap: reason=unstable_if action=reinterpret pc=0x00007fca84dd8528 method=com.sun.org.apache.xerces.internal.impl.io.UTF8Reader.read([CII)I @ 75
Event: 1.064 Thread 0x00007fca9400b000 Uncommon trap: reason=class_check action=maybe_recompile pc=0x00007fca84de0c7c method=java.util.HashMap.putVal(ILjava/lang/Object;Ljava/lang/Object;ZZ)Ljava/lang/Object; @ 56
Event: 1.064 Thread 0x00007fca9400b000 Uncommon trap: reason=class_check action=maybe_recompile pc=0x00007fca84de0c7c method=java.util.HashMap.putVal(ILjava/lang/Object;Ljava/lang/Object;ZZ)Ljava/lang/Object; @ 56
Event: 1.408 Thread 0x00007fca9400b000 Uncommon trap: reason=unstable_if action=reinterpret pc=0x00007fca84e3bca8 method=java.lang.String.<init>([CII)V @ 18
Event: 1.638 Thread 0x00007fca9400b000 Uncommon trap: reason=unstable_if action=reinterpret pc=0x00007fca84de09a8 method=java.util.HashMap.putVal(ILjava/lang/Object;Ljava/lang/Object;ZZ)Ljava/lang/Object; @ 94

Classes redefined (0 events):
No events

Internal exceptions (10 events):
Event: 0.191 Thread 0x00007fca9400b000 Exception <a 'java/security/PrivilegedActionException'> (0x00000000e1889b00) thrown at [/build/openjdk-8-8u162-b12/src/hotspot/src/share/vm/prims/jvm.cpp, line 1390]
Event: 0.191 Thread 0x00007fca9400b000 Exception <a 'java/security/PrivilegedActionException'> (0x00000000e1889d10) thrown at [/build/openjdk-8-8u162-b12/src/hotspot/src/share/vm/prims/jvm.cpp, line 1390]
Event: 0.191 Thread 0x00007fca9400b000 Exception <a 'java/security/PrivilegedActionException'> (0x00000000e188bd98) thrown at [/build/openjdk-8-8u162-b12/src/hotspot/src/share/vm/prims/jvm.cpp, line 1390]
Event: 0.191 Thread 0x00007fca9400b000 Exception <a 'java/security/PrivilegedActionException'> (0x00000000e188bfa8) thrown at [/build/openjdk-8-8u162-b12/src/hotspot/src/share/vm/prims/jvm.cpp, line 1390]
Event: 0.191 Thread 0x00007fca9400b000 Exception <a 'java/security/PrivilegedActionException'> (0x00000000e188ca80) thrown at [/build/openjdk-8-8u162-b12/src/hotspot/src/share/vm/prims/jvm.cpp, line 1390]
Event: 0.191 Thread 0x00007fca9400b000 Exception <a 'java/security/PrivilegedActionException'> (0x00000000e188cc90) thrown at [/build/openjdk-8-8u162-b12/src/hotspot/src/share/vm/prims/jvm.cpp, line 1390]
Event: 0.484 Thread 0x00007fca9400b000 Implicit null exception at 0x00007fca84d7b06f to 0x00007fca84d7b2cd
Event: 1.001 Thread 0x00007fca9400b000 Exception <a 'java/lang/NoSuchFieldError': method resolution failed> (0x00000000e2c9d8e0) thrown at [/build/openjdk-8-8u162-b12/src/hotspot/src/share/vm/prims/methodHandles.cpp, line 1167]
Event: 1.003 Thread 0x00007fca9400b000 Exception <a 'java/lang/NoSuchFieldError': method resolution failed> (0x00000000e2caacb0) thrown at [/build/openjdk-8-8u162-b12/src/hotspot/src/share/vm/prims/methodHandles.cpp, line 1167]
Event: 1.057 Thread 0x00007fca9400b000 Exception <a 'java/lang/NoSuchMethodError': java.lang.Object.lambda$comparing$77a9974f$1(Ljava/util/function/Function;Ljava/lang/Object;Ljava/lang/Object;)I> (0x00000000e2d2e9f0) thrown at [/build/openjdk-8-8u162-b12/src/hotspot/src/share/vm/interpreter/l

Events (10 events):
Event: 1.695 loading class sun/nio/cs/ext/IBM1047 done
Event: 1.695 loading class sun/nio/cs/ext/IBM278
Event: 1.697 loading class sun/nio/cs/ext/IBM278 done
Event: 1.697 loading class sun/nio/cs/ext/IBM277
Event: 1.700 loading class sun/nio/cs/ext/IBM277 done
Event: 1.700 loading class sun/nio/cs/ext/IBM860
Event: 1.701 loading class sun/nio/cs/ext/IBM860 done
Event: 1.701 loading class sun/nio/cs/ext/SJIS
Event: 1.701 loading class sun/nio/cs/ext/SJIS done
Event: 1.705 Executing VM operation: ParallelGCFailedAllocation


Dynamic libraries:
a4600000-a8380000 rw-p 00000000 00:00 0 
a8380000-e1780000 ---p 00000000 00:00 0 
e1780000-e3600000 rw-p 00000000 00:00 0 
e4d80000-100000000 ---p 00000000 00:00 0 
100000000-1000c0000 rw-p 00000000 00:00 0 
1000c0000-140000000 ---p 00000000 00:00 0 
5571970c9000-5571970ca000 r-xp 00000000 08:01 2633721                    /usr/lib/jvm/java-8-openjdk-amd64/jre/bin/java
5571972c9000-5571972ca000 r--p 00000000 08:01 2633721                    /usr/lib/jvm/java-8-openjdk-amd64/jre/bin/java
5571972ca000-5571972cb000 rw-p 00001000 08:01 2633721                    /usr/lib/jvm/java-8-openjdk-amd64/jre/bin/java
557198748000-557198769000 rw-p 00000000 00:00 0                          [heap]
7fca44000000-7fca44021000 rw-p 00000000 00:00 0 
7fca44021000-7fca48000000 ---p 00000000 00:00 0 
7fca48000000-7fca48021000 rw-p 00000000 00:00 0 
7fca48021000-7fca4c000000 ---p 00000000 00:00 0 
7fca4c000000-7fca4cdcb000 rw-p 00000000 00:00 0 
7fca4cdcb000-7fca50000000 ---p 00000000 00:00 0 
7fca50000000-7fca5054a000 rw-p 00000000 00:00 0 
7fca5054a000-7fca54000000 ---p 00000000 00:00 0 
7fca54000000-7fca54021000 rw-p 00000000 00:00 0 
7fca54021000-7fca58000000 ---p 00000000 00:00 0 
7fca58000000-7fca58be3000 rw-p 00000000 00:00 0 
7fca58be3000-7fca5c000000 ---p 00000000 00:00 0 
7fca5c000000-7fca5c021000 rw-p 00000000 00:00 0 
7fca5c021000-7fca60000000 ---p 00000000 00:00 0 
7fca60000000-7fca60021000 rw-p 00000000 00:00 0 
7fca60021000-7fca64000000 ---p 00000000 00:00 0 
7fca64000000-7fca64021000 rw-p 00000000 00:00 0 
7fca64021000-7fca68000000 ---p 00000000 00:00 0 
7fca68000000-7fca68021000 rw-p 00000000 00:00 0 
7fca68021000-7fca6c000000 ---p 00000000 00:00 0 
7fca6c000000-7fca6c021000 rw-p 00000000 00:00 0 
7fca6c021000-7fca70000000 ---p 00000000 00:00 0 
7fca74000000-7fca74021000 rw-p 00000000 00:00 0 
7fca74021000-7fca78000000 ---p 00000000 00:00 0 
7fca7a9d2000-7fca7a9d7000 r--s 002f9000 08:01 2633818                    /usr/lib/jvm/java-8-openjdk-amd64/jre/lib/charsets.jar
7fca7a9d7000-7fca7a9dc000 r--s 002f9000 08:01 2633818                    /usr/lib/jvm/java-8-openjdk-amd64/jre/lib/charsets.jar
7fca7a9dc000-7fca7a9df000 r--s 00015000 08:01 2633845                    /usr/lib/jvm/java-8-openjdk-amd64/jre/lib/jce.jar
7fca7a9df000-7fca7a9e4000 r--s 0009d000 08:01 2633847                    /usr/lib/jvm/java-8-openjdk-amd64/jre/lib/jsse.jar
7fca7a9e4000-7fca7a9f7000 r--s 00346000 08:01 2633851                    /usr/lib/jvm/java-8-openjdk-amd64/jre/lib/resources.jar
7fca7a9f7000-7fca7a9fa000 r--s 0000f000 08:01 2633828                    /usr/lib/jvm/java-8-openjdk-amd64/jre/lib/ext/icedtea-sound.jar
7fca7a9fa000-7fca7aa15000 r--s 00394000 08:01 2633826                    /usr/lib/jvm/java-8-openjdk-amd64/jre/lib/ext/cldrdata.jar
7fca7aa15000-7fca7aa30000 r--s 001d6000 08:01 2633831                    /usr/lib/jvm/java-8-openjdk-amd64/jre/lib/ext/nashorn.jar
7fca7aa30000-7fca7aa31000 ---p 00000000 00:00 0 
7fca7aa31000-7fca7ab31000 rw-p 00000000 00:00 0 
7fca7ab31000-7fca7ab34000 ---p 00000000 00:00 0 
7fca7ab34000-7fca7ac32000 rw-p 00000000 00:00 0 
7fca7ac32000-7fca7ac35000 ---p 00000000 00:00 0 
7fca7ac35000-7fca7ad33000 rw-p 00000000 00:00 0 
7fca7ad33000-7fca7ad36000 ---p 00000000 00:00 0 
7fca7ad36000-7fca7ae34000 rw-p 00000000 00:00 0 
7fca7ae34000-7fca7ae37000 ---p 00000000 00:00 0 
7fca7ae37000-7fca7af35000 rw-p 00000000 00:00 0 
7fca7af35000-7fca7af38000 ---p 00000000 00:00 0 
7fca7af38000-7fca7b036000 rw-p 00000000 00:00 0 
7fca7b036000-7fca7b1d1000 r--p 00000000 08:01 2097444                    /usr/lib/locale/locale-archive
7fca7b1d1000-7fca7b1d4000 ---p 00000000 00:00 0 
7fca7b1d4000-7fca7b2d2000 rw-p 00000000 00:00 0 
7fca7b2d2000-7fca7b2d5000 ---p 00000000 00:00 0 
7fca7b2d5000-7fca7b3d3000 rw-p 00000000 00:00 0 
7fca7b3d3000-7fca7b3d4000 ---p 00000000 00:00 0 
7fca7b3d4000-7fca7c000000 rw-p 00000000 00:00 0 
7fca7c000000-7fca7c021000 rw-p 00000000 00:00 0 
7fca7c021000-7fca80000000 ---p 00000000 00:00 0 
7fca80002000-7fca80469000 rw-p 00000000 00:00 0 
7fca80469000-7fca80637000 r--s 03c2c000 08:01 2633852                    /usr/lib/jvm/java-8-openjdk-amd64/jre/lib/rt.jar
7fca80637000-7fca806ad000 rw-p 00000000 00:00 0 
7fca806ad000-7fca80c2d000 rw-p 00000000 00:00 0 
7fca80c2d000-7fca80ead000 ---p 00000000 00:00 0 
7fca80ead000-7fca83f5a000 rw-p 00000000 00:00 0 
7fca83f5a000-7fca83f5b000 ---p 00000000 00:00 0 
7fca83f5b000-7fca8405b000 rw-p 00000000 00:00 0 
7fca8405b000-7fca8405c000 ---p 00000000 00:00 0 
7fca8405c000-7fca8415c000 rw-p 00000000 00:00 0 
7fca8415c000-7fca8415d000 ---p 00000000 00:00 0 
7fca8415d000-7fca8425d000 rw-p 00000000 00:00 0 
7fca8425d000-7fca8425e000 ---p 00000000 00:00 0 
7fca8425e000-7fca8435e000 rw-p 00000000 00:00 0 
7fca8435e000-7fca8437d000 rw-p 00000000 00:00 0 
7fca8437d000-7fca84547000 ---p 00000000 00:00 0 
7fca84547000-7fca84566000 rw-p 00000000 00:00 0 
7fca84566000-7fca8472f000 ---p 00000000 00:00 0 
7fca8472f000-7fca8473f000 rw-p 00000000 00:00 0 
7fca8473f000-7fca84824000 ---p 00000000 00:00 0 
7fca84824000-7fca84831000 rw-p 00000000 00:00 0 
7fca84831000-7fca84be5000 ---p 00000000 00:00 0 
7fca84be5000-7fca84ec5000 rwxp 00000000 00:00 0 
7fca84ec5000-7fca93be5000 ---p 00000000 00:00 0 
7fca93be5000-7fca93bed000 r-xp 00000000 08:01 2633815                    /usr/lib/jvm/java-8-openjdk-amd64/jre/lib/amd64/libzip.so
7fca93bed000-7fca93dec000 ---p 00008000 08:01 2633815                    /usr/lib/jvm/java-8-openjdk-amd64/jre/lib/amd64/libzip.so
7fca93dec000-7fca93ded000 r--p 00007000 08:01 2633815                    /usr/lib/jvm/java-8-openjdk-amd64/jre/lib/amd64/libzip.so
7fca93ded000-7fca93dee000 rw-p 00008000 08:01 2633815                    /usr/lib/jvm/java-8-openjdk-amd64/jre/lib/amd64/libzip.so
7fca93dee000-7fca93df8000 r-xp 00000000 08:01 655378                     /lib/x86_64-linux-gnu/libnss_files-2.24.so
7fca93df8000-7fca93ff8000 ---p 0000a000 08:01 655378                     /lib/x86_64-linux-gnu/libnss_files-2.24.so
7fca93ff8000-7fca93ff9000 r--p 0000a000 08:01 655378                     /lib/x86_64-linux-gnu/libnss_files-2.24.so
7fca93ff9000-7fca93ffa000 rw-p 0000b000 08:01 655378                     /lib/x86_64-linux-gnu/libnss_files-2.24.so
7fca93ffa000-7fca94000000 rw-p 00000000 00:00 0 
7fca94000000-7fca94262000 rw-p 00000000 00:00 0 
7fca94262000-7fca98000000 ---p 00000000 00:00 0 
7fca98000000-7fca98003000 r--s 00038000 08:01 2633834                    /usr/lib/jvm/java-8-openjdk-amd64/jre/lib/ext/sunpkcs11.jar
7fca98003000-7fca98005000 r--s 00007000 08:01 2505448                    /usr/share/java/java-atk-wrapper.jar
7fca98005000-7fca9800a000 r--s 0003b000 08:01 2633833                    /usr/lib/jvm/java-8-openjdk-amd64/jre/lib/ext/sunjce_provider.jar
7fca9800a000-7fca9800c000 r--s 00001000 08:01 2633827                    /usr/lib/jvm/java-8-openjdk-amd64/jre/lib/ext/dnsns.jar
7fca9800c000-7fca9800e000 r--s 00008000 08:01 2633832                    /usr/lib/jvm/java-8-openjdk-amd64/jre/lib/ext/sunec.jar
7fca9800e000-7fca98018000 r--s 00116000 08:01 2633830                    /usr/lib/jvm/java-8-openjdk-amd64/jre/lib/ext/localedata.jar
7fca98018000-7fca98039000 rw-p 00000000 00:00 0 
7fca98039000-7fca98044000 r-xp 00000000 08:01 655380                     /lib/x86_64-linux-gnu/libnss_nis-2.24.so
7fca98044000-7fca98243000 ---p 0000b000 08:01 655380                     /lib/x86_64-linux-gnu/libnss_nis-2.24.so
7fca98243000-7fca98244000 r--p 0000a000 08:01 655380                     /lib/x86_64-linux-gnu/libnss_nis-2.24.so
7fca98244000-7fca98245000 rw-p 0000b000 08:01 655380                     /lib/x86_64-linux-gnu/libnss_nis-2.24.so
7fca98245000-7fca98259000 r-xp 00000000 08:01 655375                     /lib/x86_64-linux-gnu/libnsl-2.24.so
7fca98259000-7fca98459000 ---p 00014000 08:01 655375                     /lib/x86_64-linux-gnu/libnsl-2.24.so
7fca98459000-7fca9845a000 r--p 00014000 08:01 655375                     /lib/x86_64-linux-gnu/libnsl-2.24.so
7fca9845a000-7fca9845b000 rw-p 00015000 08:01 655375                     /lib/x86_64-linux-gnu/libnsl-2.24.so
7fca9845b000-7fca9845d000 rw-p 00000000 00:00 0 
7fca9845d000-7fca98464000 r-xp 00000000 08:01 655376                     /lib/x86_64-linux-gnu/libnss_compat-2.24.so
7fca98464000-7fca98663000 ---p 00007000 08:01 655376                     /lib/x86_64-linux-gnu/libnss_compat-2.24.so
7fca98663000-7fca98664000 r--p 00006000 08:01 655376                     /lib/x86_64-linux-gnu/libnss_compat-2.24.so
7fca98664000-7fca98665000 rw-p 00007000 08:01 655376                     /lib/x86_64-linux-gnu/libnss_compat-2.24.so
7fca98665000-7fca98692000 r-xp 00000000 08:01 2633792                    /usr/lib/jvm/java-8-openjdk-amd64/jre/lib/amd64/libjava.so
7fca98692000-7fca98892000 ---p 0002d000 08:01 2633792                    /usr/lib/jvm/java-8-openjdk-amd64/jre/lib/amd64/libjava.so
7fca98892000-7fca98893000 r--p 0002d000 08:01 2633792                    /usr/lib/jvm/java-8-openjdk-amd64/jre/lib/amd64/libjava.so
7fca98893000-7fca98895000 rw-p 0002e000 08:01 2633792                    /usr/lib/jvm/java-8-openjdk-amd64/jre/lib/amd64/libjava.so
7fca98895000-7fca988a4000 r-xp 00000000 08:01 2633814                    /usr/lib/jvm/java-8-openjdk-amd64/jre/lib/amd64/libverify.so
7fca988a4000-7fca98aa4000 ---p 0000f000 08:01 2633814                    /usr/lib/jvm/java-8-openjdk-amd64/jre/lib/amd64/libverify.so
7fca98aa4000-7fca98aa6000 r--p 0000f000 08:01 2633814                    /usr/lib/jvm/java-8-openjdk-amd64/jre/lib/amd64/libverify.so
7fca98aa6000-7fca98aa7000 rw-p 00011000 08:01 2633814                    /usr/lib/jvm/java-8-openjdk-amd64/jre/lib/amd64/libverify.so
7fca98aa7000-7fca98aae000 r-xp 00000000 08:01 655385                     /lib/x86_64-linux-gnu/librt-2.24.so
7fca98aae000-7fca98cad000 ---p 00007000 08:01 655385                     /lib/x86_64-linux-gnu/librt-2.24.so
7fca98cad000-7fca98cae000 r--p 00006000 08:01 655385                     /lib/x86_64-linux-gnu/librt-2.24.so
7fca98cae000-7fca98caf000 rw-p 00007000 08:01 655385                     /lib/x86_64-linux-gnu/librt-2.24.so
7fca98caf000-7fca98cc5000 r-xp 00000000 08:01 662312                     /lib/x86_64-linux-gnu/libgcc_s.so.1
7fca98cc5000-7fca98ec4000 ---p 00016000 08:01 662312                     /lib/x86_64-linux-gnu/libgcc_s.so.1
7fca98ec4000-7fca98ec5000 r--p 00015000 08:01 662312                     /lib/x86_64-linux-gnu/libgcc_s.so.1
7fca98ec5000-7fca98ec6000 rw-p 00016000 08:01 662312                     /lib/x86_64-linux-gnu/libgcc_s.so.1
7fca98ec6000-7fca98fc9000 r-xp 00000000 08:01 655372                     /lib/x86_64-linux-gnu/libm-2.24.so
7fca98fc9000-7fca991c8000 ---p 00103000 08:01 655372                     /lib/x86_64-linux-gnu/libm-2.24.so
7fca991c8000-7fca991c9000 r--p 00102000 08:01 655372                     /lib/x86_64-linux-gnu/libm-2.24.so
7fca991c9000-7fca991ca000 rw-p 00103000 08:01 655372                     /lib/x86_64-linux-gnu/libm-2.24.so
7fca991ca000-7fca9933c000 r-xp 00000000 08:01 2097786                    /usr/lib/x86_64-linux-gnu/libstdc++.so.6.0.22
7fca9933c000-7fca9953c000 ---p 00172000 08:01 2097786                    /usr/lib/x86_64-linux-gnu/libstdc++.so.6.0.22
7fca9953c000-7fca99546000 r--p 00172000 08:01 2097786                    /usr/lib/x86_64-linux-gnu/libstdc++.so.6.0.22
7fca99546000-7fca99548000 rw-p 0017c000 08:01 2097786                    /usr/lib/x86_64-linux-gnu/libstdc++.so.6.0.22
7fca99548000-7fca9954c000 rw-p 00000000 00:00 0 
7fca9954c000-7fca9a1a6000 r-xp 00000000 08:01 2633817                    /usr/lib/jvm/java-8-openjdk-amd64/jre/lib/amd64/server/libjvm.so
7fca9a1a6000-7fca9a3a5000 ---p 00c5a000 08:01 2633817                    /usr/lib/jvm/java-8-openjdk-amd64/jre/lib/amd64/server/libjvm.so
7fca9a3a5000-7fca9a439000 r--p 00c59000 08:01 2633817                    /usr/lib/jvm/java-8-openjdk-amd64/jre/lib/amd64/server/libjvm.so
7fca9a439000-7fca9a462000 rw-p 00ced000 08:01 2633817                    /usr/lib/jvm/java-8-openjdk-amd64/jre/lib/amd64/server/libjvm.so
7fca9a462000-7fca9a492000 rw-p 00000000 00:00 0 
7fca9a492000-7fca9a627000 r-xp 00000000 08:01 655368                     /lib/x86_64-linux-gnu/libc-2.24.so
7fca9a627000-7fca9a827000 ---p 00195000 08:01 655368                     /lib/x86_64-linux-gnu/libc-2.24.so
7fca9a827000-7fca9a82b000 r--p 00195000 08:01 655368                     /lib/x86_64-linux-gnu/libc-2.24.so
7fca9a82b000-7fca9a82d000 rw-p 00199000 08:01 655368                     /lib/x86_64-linux-gnu/libc-2.24.so
7fca9a82d000-7fca9a831000 rw-p 00000000 00:00 0 
7fca9a831000-7fca9a834000 r-xp 00000000 08:01 655371                     /lib/x86_64-linux-gnu/libdl-2.24.so
7fca9a834000-7fca9aa33000 ---p 00003000 08:01 655371                     /lib/x86_64-linux-gnu/libdl-2.24.so
7fca9aa33000-7fca9aa34000 r--p 00002000 08:01 655371                     /lib/x86_64-linux-gnu/libdl-2.24.so
7fca9aa34000-7fca9aa35000 rw-p 00003000 08:01 655371                     /lib/x86_64-linux-gnu/libdl-2.24.so
7fca9aa35000-7fca9aa42000 r-xp 00000000 08:01 2633731                    /usr/lib/jvm/java-8-openjdk-amd64/jre/lib/amd64/jli/libjli.so
7fca9aa42000-7fca9ac42000 ---p 0000d000 08:01 2633731                    /usr/lib/jvm/java-8-openjdk-amd64/jre/lib/amd64/jli/libjli.so
7fca9ac42000-7fca9ac43000 r--p 0000d000 08:01 2633731                    /usr/lib/jvm/java-8-openjdk-amd64/jre/lib/amd64/jli/libjli.so
7fca9ac43000-7fca9ac44000 rw-p 0000e000 08:01 2633731                    /usr/lib/jvm/java-8-openjdk-amd64/jre/lib/amd64/jli/libjli.so
7fca9ac44000-7fca9ac5d000 r-xp 00000000 08:01 655450                     /lib/x86_64-linux-gnu/libz.so.1.2.8
7fca9ac5d000-7fca9ae5c000 ---p 00019000 08:01 655450                     /lib/x86_64-linux-gnu/libz.so.1.2.8
7fca9ae5c000-7fca9ae5d000 r--p 00018000 08:01 655450                     /lib/x86_64-linux-gnu/libz.so.1.2.8
7fca9ae5d000-7fca9ae5e000 rw-p 00019000 08:01 655450                     /lib/x86_64-linux-gnu/libz.so.1.2.8
7fca9ae5e000-7fca9ae76000 r-xp 00000000 08:01 655383                     /lib/x86_64-linux-gnu/libpthread-2.24.so
7fca9ae76000-7fca9b075000 ---p 00018000 08:01 655383                     /lib/x86_64-linux-gnu/libpthread-2.24.so
7fca9b075000-7fca9b076000 r--p 00017000 08:01 655383                     /lib/x86_64-linux-gnu/libpthread-2.24.so
7fca9b076000-7fca9b077000 rw-p 00018000 08:01 655383                     /lib/x86_64-linux-gnu/libpthread-2.24.so
7fca9b077000-7fca9b07b000 rw-p 00000000 00:00 0 
7fca9b07b000-7fca9b09e000 r-xp 00000000 08:01 655363                     /lib/x86_64-linux-gnu/ld-2.24.so
7fca9b09e000-7fca9b09f000 r--s 00010000 08:01 2633835                    /usr/lib/jvm/java-8-openjdk-amd64/jre/lib/ext/zipfs.jar
7fca9b09f000-7fca9b170000 rw-p 00000000 00:00 0 
7fca9b170000-7fca9b173000 ---p 00000000 00:00 0 
7fca9b173000-7fca9b273000 rw-p 00000000 00:00 0 
7fca9b273000-7fca9b274000 r--s 0000a000 08:01 2633829                    /usr/lib/jvm/java-8-openjdk-amd64/jre/lib/ext/jaccess.jar
7fca9b274000-7fca9b291000 rw-p 00000000 00:00 0 
7fca9b291000-7fca9b299000 rw-s 00000000 08:01 2625003                    /tmp/hsperfdata_firelegacy/23985
7fca9b299000-7fca9b29a000 rw-p 00000000 00:00 0 
7fca9b29a000-7fca9b29b000 ---p 00000000 00:00 0 
7fca9b29b000-7fca9b29e000 rw-p 00000000 00:00 0 
7fca9b29e000-7fca9b29f000 r--p 00023000 08:01 655363                     /lib/x86_64-linux-gnu/ld-2.24.so
7fca9b29f000-7fca9b2a0000 rw-p 00024000 08:01 655363                     /lib/x86_64-linux-gnu/ld-2.24.so
7fca9b2a0000-7fca9b2a1000 rw-p 00000000 00:00 0 
7ffd373bc000-7ffd373dd000 rw-p 00000000 00:00 0                          [stack]
7ffd373fb000-7ffd373fd000 r--p 00000000 00:00 0                          [vvar]
7ffd373fd000-7ffd373ff000 r-xp 00000000 00:00 0                          [vdso]
ffffffffff600000-ffffffffff601000 r-xp 00000000 00:00 0                  [vsyscall]

VM Arguments:
jvm_args: -Dfile.encoding=UTF-8 
java_command: main.Main
java_class_path (initial): /usr/lib/jvm/java-8-openjdk-amd64/jre/lib/resources.jar:/usr/lib/jvm/java-8-openjdk-amd64/jre/lib/rt.jar:/usr/lib/jvm/java-8-openjdk-amd64/jre/lib/jsse.jar:/usr/lib/jvm/java-8-openjdk-amd64/jre/lib/jce.jar:/usr/lib/jvm/java-8-openjdk-amd64/jre/lib/charsets.jar:/usr/lib/jvm/java-8-openjdk-amd64/jre/lib/ext/localedata.jar:/usr/lib/jvm/java-8-openjdk-amd64/jre/lib/ext/sunec.jar:/usr/lib/jvm/java-8-openjdk-amd64/jre/lib/ext/dnsns.jar:/usr/lib/jvm/java-8-openjdk-amd64/jre/lib/ext/jaccess.jar:/usr/lib/jvm/java-8-openjdk-amd64/jre/lib/ext/sunjce_provider.jar:/usr/lib/jvm/java-8-openjdk-amd64/jre/lib/ext/nashorn.jar:/usr/lib/jvm/java-8-openjdk-amd64/jre/lib/ext/cldrdata.jar:/usr/lib/jvm/java-8-openjdk-amd64/jre/lib/ext/java-atk-wrapper.jar:/usr/lib/jvm/java-8-openjdk-amd64/jre/lib/ext/sunpkcs11.jar:/usr/lib/jvm/java-8-openjdk-amd64/jre/lib/ext/zipfs.jar:/usr/lib/jvm/java-8-openjdk-amd64/jre/lib/ext/icedtea-sound.jar:/home/firelegacy/Cours/SD/SDXML/projet/bin
Launcher Type: SUN_STANDARD

Environment Variables:
JAVA_HOME=/usr/lib/jvm/oracle-java8-jdk-amd64
PATH=/usr/local/bin:/usr/bin:/bin:/usr/local/games:/usr/games
SHELL=/bin/bash
DISPLAY=:0

Signal Handlers:
SIGSEGV: [libjvm.so+0xa70ed0], sa_mask[0]=11111111011111111101111111111110, sa_flags=SA_RESTART|SA_SIGINFO
SIGBUS: [libjvm.so+0xa70ed0], sa_mask[0]=11111111011111111101111111111110, sa_flags=SA_RESTART|SA_SIGINFO
SIGFPE: [libjvm.so+0x8b9a30], sa_mask[0]=11111111011111111101111111111110, sa_flags=SA_RESTART|SA_SIGINFO
SIGPIPE: [libjvm.so+0x8b9a30], sa_mask[0]=11111111011111111101111111111110, sa_flags=SA_RESTART|SA_SIGINFO
SIGXFSZ: [libjvm.so+0x8b9a30], sa_mask[0]=11111111011111111101111111111110, sa_flags=SA_RESTART|SA_SIGINFO
SIGILL: [libjvm.so+0x8b9a30], sa_mask[0]=11111111011111111101111111111110, sa_flags=SA_RESTART|SA_SIGINFO
SIGUSR1: SIG_DFL, sa_mask[0]=00000000000000000000000000000000, sa_flags=none
SIGUSR2: [libjvm.so+0x8b98e0], sa_mask[0]=00100000000000000000000000000000, sa_flags=SA_RESTART|SA_SIGINFO
SIGHUP: [libjvm.so+0x8b9d90], sa_mask[0]=11111111011111111101111111111110, sa_flags=SA_RESTART|SA_SIGINFO
SIGINT: [libjvm.so+0x8b9d90], sa_mask[0]=11111111011111111101111111111110, sa_flags=SA_RESTART|SA_SIGINFO
SIGTERM: [libjvm.so+0x8b9d90], sa_mask[0]=11111111011111111101111111111110, sa_flags=SA_RESTART|SA_SIGINFO
SIGQUIT: [libjvm.so+0x8b9d90], sa_mask[0]=11111111011111111101111111111110, sa_flags=SA_RESTART|SA_SIGINFO


---------------  S Y S T E M  ---------------

OS:PRETTY_NAME="Debian GNU/Linux 9 (stretch)"
NAME="Debian GNU/Linux"
VERSION_ID="9"
VERSION="9 (stretch)"
ID=debian
HOME_URL="https://www.debian.org/"
SUPPORT_URL="https://www.debian.org/support"
BUG_REPORT_URL="https://bugs.debian.org/"

uname:Linux 4.9.0-6-amd64 #1 SMP Debian 4.9.82-1+deb9u3 (2018-03-02) x86_64
libc:glibc 2.24 NPTL 2.24 
rlimit: STACK 8192k, CORE 0k, NPROC 23337, NOFILE 1048576, AS infinity
load average:2.01 1.05 0.62

/proc/meminfo:
MemTotal:        5998176 kB
MemFree:          110920 kB
MemAvailable:       4160 kB
Buffers:             632 kB
Cached:           262968 kB
SwapCached:         4208 kB
Active:          4940868 kB
Inactive:         713596 kB
Active(anon):    4934644 kB
Inactive(anon):   705080 kB
Active(file):       6224 kB
Inactive(file):     8516 kB
Unevictable:         672 kB
Mlocked:             672 kB
SwapTotal:       1034236 kB
SwapFree:              0 kB
Dirty:                72 kB
Writeback:             0 kB
AnonPages:       5387816 kB
Mapped:            48668 kB
Shmem:            248748 kB
Slab:              76864 kB
SReclaimable:      27356 kB
SUnreclaim:        49508 kB
KernelStack:       12880 kB
PageTables:        72648 kB
NFS_Unstable:          0 kB
Bounce:                0 kB
WritebackTmp:          0 kB
CommitLimit:     4033324 kB
Committed_AS:   19662152 kB
VmallocTotal:   34359738367 kB
VmallocUsed:           0 kB
VmallocChunk:          0 kB
HardwareCorrupted:     0 kB
AnonHugePages:         0 kB
ShmemHugePages:        0 kB
ShmemPmdMapped:        0 kB
HugePages_Total:       0
HugePages_Free:        0
HugePages_Rsvd:        0
HugePages_Surp:        0
Hugepagesize:       2048 kB
DirectMap4k:      352156 kB
DirectMap2M:     5822464 kB


CPU:total 4 (initial active 4) (2 cores per cpu, 2 threads per core) family 6 model 58 stepping 9, cmov, cx8, fxsr, mmx, sse, sse2, sse3, ssse3, sse4.1, sse4.2, popcnt, avx, aes, clmul, erms, ht, tsc, tscinvbit, tscinv

/proc/cpuinfo:
processor	: 0
vendor_id	: GenuineIntel
cpu family	: 6
model		: 58
model name	: Intel(R) Core(TM) i7-3517U CPU @ 1.90GHz
stepping	: 9
microcode	: 0x15
cpu MHz		: 2011.962
cache size	: 4096 KB
physical id	: 0
siblings	: 4
core id		: 0
cpu cores	: 2
apicid		: 0
initial apicid	: 0
fpu		: yes
fpu_exception	: yes
cpuid level	: 13
wp		: yes
flags		: fpu vme de pse tsc msr pae mce cx8 apic sep mtrr pge mca cmov pat pse36 clflush dts acpi mmx fxsr sse sse2 ss ht tm pbe syscall nx rdtscp lm constant_tsc arch_perfmon pebs bts rep_good nopl xtopology nonstop_tsc aperfmperf eagerfpu pni pclmulqdq dtes64 monitor ds_cpl vmx est tm2 ssse3 cx16 xtpr pdcm pcid sse4_1 sse4_2 x2apic popcnt tsc_deadline_timer aes xsave avx f16c rdrand lahf_lm epb kaiser tpr_shadow vnmi flexpriority ept vpid fsgsbase smep erms xsaveopt dtherm ida arat pln pts
bugs		: cpu_meltdown spectre_v1 spectre_v2
bogomips	: 4789.02
clflush size	: 64
cache_alignment	: 64
address sizes	: 36 bits physical, 48 bits virtual
power management:

processor	: 1
vendor_id	: GenuineIntel
cpu family	: 6
model		: 58
model name	: Intel(R) Core(TM) i7-3517U CPU @ 1.90GHz
stepping	: 9
microcode	: 0x15
cpu MHz		: 2771.484
cache size	: 4096 KB
physical id	: 0
siblings	: 4
core id		: 1
cpu cores	: 2
apicid		: 2
initial apicid	: 2
fpu		: yes
fpu_exception	: yes
cpuid level	: 13
wp		: yes
flags		: fpu vme de pse tsc msr pae mce cx8 apic sep mtrr pge mca cmov pat pse36 clflush dts acpi mmx fxsr sse sse2 ss ht tm pbe syscall nx rdtscp lm constant_tsc arch_perfmon pebs bts rep_good nopl xtopology nonstop_tsc aperfmperf eagerfpu pni pclmulqdq dtes64 monitor ds_cpl vmx est tm2 ssse3 cx16 xtpr pdcm pcid sse4_1 sse4_2 x2apic popcnt tsc_deadline_timer aes xsave avx f16c rdrand lahf_lm epb kaiser tpr_shadow vnmi flexpriority ept vpid fsgsbase smep erms xsaveopt dtherm ida arat pln pts
bugs		: cpu_meltdown spectre_v1 spectre_v2
bogomips	: 4789.02
clflush size	: 64
cache_alignment	: 64
address sizes	: 36 bits physical, 48 bits virtual
power management:

processor	: 2
vendor_id	: GenuineIntel
cpu family	: 6
model		: 58
model name	: Intel(R) Core(TM) i7-3517U CPU @ 1.90GHz
stepping	: 9
microcode	: 0x15
cpu MHz		: 2078.906
cache size	: 4096 KB
physical id	: 0
siblings	: 4
core id		: 0
cpu cores	: 2
apicid		: 1
initial apicid	: 1
fpu		: yes
fpu_exception	: yes
cpuid level	: 13
wp		: yes
flags		: fpu vme de pse tsc msr pae mce cx8 apic sep mtrr pge mca cmov pat pse36 clflush dts acpi mmx fxsr sse sse2 ss ht tm pbe syscall nx rdtscp lm constant_tsc arch_perfmon pebs bts rep_good nopl xtopology nonstop_tsc aperfmperf eagerfpu pni pclmulqdq dtes64 monitor ds_cpl vmx est tm2 ssse3 cx16 xtpr pdcm pcid sse4_1 sse4_2 x2apic popcnt tsc_deadline_timer aes xsave avx f16c rdrand lahf_lm epb kaiser tpr_shadow vnmi flexpriority ept vpid fsgsbase smep erms xsaveopt dtherm ida arat pln pts
bugs		: cpu_meltdown spectre_v1 spectre_v2
bogomips	: 4789.02
clflush size	: 64
cache_alignment	: 64
address sizes	: 36 bits physical, 48 bits virtual
power management:

processor	: 3
vendor_id	: GenuineIntel
cpu family	: 6
model		: 58
model name	: Intel(R) Core(TM) i7-3517U CPU @ 1.90GHz
stepping	: 9
microcode	: 0x15
cpu MHz		: 1672.851
cache size	: 4096 KB
physical id	: 0
siblings	: 4
core id		: 1
cpu cores	: 2
apicid		: 3
initial apicid	: 3
fpu		: yes
fpu_exception	: yes
cpuid level	: 13
wp		: yes
flags		: fpu vme de pse tsc msr pae mce cx8 apic sep mtrr pge mca cmov pat pse36 clflush dts acpi mmx fxsr sse sse2 ss ht tm pbe syscall nx rdtscp lm constant_tsc arch_perfmon pebs bts rep_good nopl xtopology nonstop_tsc aperfmperf eagerfpu pni pclmulqdq dtes64 monitor ds_cpl vmx est tm2 ssse3 cx16 xtpr pdcm pcid sse4_1 sse4_2 x2apic popcnt tsc_deadline_timer aes xsave avx f16c rdrand lahf_lm epb kaiser tpr_shadow vnmi flexpriority ept vpid fsgsbase smep erms xsaveopt dtherm ida arat pln pts
bugs		: cpu_meltdown spectre_v1 spectre_v2
bogomips	: 4789.02
clflush size	: 64
cache_alignment	: 64
address sizes	: 36 bits physical, 48 bits virtual
power management:



Memory: 4k page, physical 5998176k(110992k free), swap 1034236k(0k free)

vm_info: OpenJDK 64-Bit Server VM (25.162-b12) for linux-amd64 JRE (1.8.0_162-8u162-b12-1~deb9u1-b12), built on Mar 15 2018 23:05:30 by "pbuilder" with gcc 6.3.0 20170516

time: Fri Mar 23 09:11:19 2018
elapsed time: 1 seconds (0d 0h 0m 1s)

