#
# There is insufficient memory for the Java Runtime Environment to continue.
# Native memory allocation (mmap) failed to map 24641536 bytes for committing reserved memory.
# Possible reasons:
#   The system is out of physical RAM or swap space
#   In 32 bit mode, the process size limit was hit
# Possible solutions:
#   Reduce memory load on the system
#   Increase physical memory or swap space
#   Check if swap backing store is full
#   Use 64 bit Java on a 64 bit OS
#   Decrease Java heap size (-Xmx/-Xms)
#   Decrease number of Java threads
#   Decrease Java thread stack sizes (-Xss)
#   Set larger code cache with -XX:ReservedCodeCacheSize=
# This output file may be truncated or incomplete.
#
#  Out of Memory Error (os_linux.cpp:2643), pid=23512, tid=0x00007f05877f7700
#
# JRE version: OpenJDK Runtime Environment (8.0_162-b12) (build 1.8.0_162-8u162-b12-1~deb9u1-b12)
# Java VM: OpenJDK 64-Bit Server VM (25.162-b12 mixed mode linux-amd64 compressed oops)
# Failed to write core dump. Core dumps have been disabled. To enable core dumping, try "ulimit -c unlimited" before starting Java again
#

---------------  T H R E A D  ---------------

Current thread (0x00007f05ac078800):  VMThread [stack: 0x00007f05876f7000,0x00007f05877f8000] [id=23524]

Stack: [0x00007f05876f7000,0x00007f05877f8000],  sp=0x00007f05877f64d0,  free space=1021k
Native frames: (J=compiled Java code, j=interpreted, Vv=VM code, C=native code)
V  [libjvm.so+0xa70430]
V  [libjvm.so+0x4c7b2c]
V  [libjvm.so+0x8be2f8]
V  [libjvm.so+0x8b889e]
V  [libjvm.so+0x933bce]
V  [libjvm.so+0x934f53]
V  [libjvm.so+0x9315a3]
V  [libjvm.so+0x93184c]
V  [libjvm.so+0x8e2cf3]
V  [libjvm.so+0xa720f2]
V  [libjvm.so+0xa77377]
V  [libjvm.so+0xa74a27]
V  [libjvm.so+0xa75ea6]
V  [libjvm.so+0xa763a1]
V  [libjvm.so+0x8bb7b2]

VM_Operation (0x00007f05b35d30a0): ParallelGCFailedAllocation, mode: safepoint, requested by thread 0x00007f05ac00b000


---------------  P R O C E S S  ---------------

Java Threads: ( => current thread )
  0x00007f05ac0c2800 JavaThread "Service Thread" daemon [_thread_blocked, id=23531, stack(0x00007f0586e55000,0x00007f0586f56000)]
  0x00007f05ac0b3000 JavaThread "C1 CompilerThread2" daemon [_thread_blocked, id=23530, stack(0x00007f0586f56000,0x00007f0587057000)]
  0x00007f05ac0b1800 JavaThread "C2 CompilerThread1" daemon [_thread_blocked, id=23529, stack(0x00007f0587057000,0x00007f0587158000)]
  0x00007f05ac0ae800 JavaThread "C2 CompilerThread0" daemon [_thread_blocked, id=23528, stack(0x00007f0587158000,0x00007f0587259000)]
  0x00007f05ac0ac800 JavaThread "Signal Dispatcher" daemon [_thread_blocked, id=23527, stack(0x00007f0587259000,0x00007f058735a000)]
  0x00007f05ac084800 JavaThread "Finalizer" daemon [_thread_blocked, id=23526, stack(0x00007f05874f5000,0x00007f05875f6000)]
  0x00007f05ac080000 JavaThread "Reference Handler" daemon [_thread_blocked, id=23525, stack(0x00007f05875f6000,0x00007f05876f7000)]
  0x00007f05ac00b000 JavaThread "main" [_thread_blocked, id=23518, stack(0x00007f05b34d5000,0x00007f05b35d6000)]

Other Threads:
=>0x00007f05ac078800 VMThread [stack: 0x00007f05876f7000,0x00007f05877f8000] [id=23524]
  0x00007f05ac0c5000 WatcherThread [stack: 0x00007f0586d54000,0x00007f0586e55000] [id=23532]

VM state:at safepoint (normal execution)

VM Mutex/Monitor currently owned by a thread:  ([mutex/lock_event])
[0x00007f05ac007430] Threads_lock - owner thread: 0x00007f05ac078800
[0x00007f05ac007930] Heap_lock - owner thread: 0x00007f05ac00b000

Heap:
 PSYoungGen      total 27648K, used 3578K [0x00000000e1780000, 0x00000000e3600000, 0x0000000100000000)
  eden space 24064K, 0% used [0x00000000e1780000,0x00000000e1780000,0x00000000e2f00000)
  from space 3584K, 99% used [0x00000000e2f00000,0x00000000e327e850,0x00000000e3280000)
  to   space 3584K, 0% used [0x00000000e3280000,0x00000000e3280000,0x00000000e3600000)
 ParOldGen       total 62976K, used 13184K [0x00000000a4600000, 0x00000000a8380000, 0x00000000e1780000)
  object space 62976K, 20% used [0x00000000a4600000,0x00000000a52e0070,0x00000000a8380000)
 Metaspace       used 6132K, capacity 6276K, committed 6400K, reserved 1056768K
  class space    used 652K, capacity 704K, committed 768K, reserved 1048576K

Card table byte_map: [0x00007f059c759000,0x00007f059ca37000] byte_map_base: 0x00007f059c236000

Marking Bits: (ParMarkBitMap*) 0x00007f05b27da300
 Begin Bits: [0x00007f058d230000, 0x00007f058e918000)
 End Bits:   [0x00007f058e918000, 0x00007f0590000000)

Polling page: 0x00007f05b35ff000

CodeCache: size=245760Kb used=3000Kb max_used=3000Kb free=242759Kb
 bounds [0x00007f059cdf7000, 0x00007f059d0e7000, 0x00007f05abdf7000]
 total_blobs=880 nmethods=600 adapters=195
 compilation: enabled

Compilation events (10 events):
Event: 3.315 Thread 0x00007f05ac0b3000  598       3       java.nio.charset.Charset::checkName (165 bytes)
Event: 3.316 Thread 0x00007f05ac0b3000 nmethod 598 0x00007f059d0e1810 code [0x00007f059d0e1a20, 0x00007f059d0e24d8]
Event: 3.316 Thread 0x00007f05ac0b3000  599       3       java.lang.ref.SoftReference::<init> (13 bytes)
Event: 3.317 Thread 0x00007f05ac0b3000 nmethod 599 0x00007f059d0e0490 code [0x00007f059d0e0600, 0x00007f059d0e08f0]
Event: 3.321 Thread 0x00007f05ac0b3000  600       3       java.util.BitSet::get (69 bytes)
Event: 3.323 Thread 0x00007f05ac0b3000 nmethod 600 0x00007f059d0e4fd0 code [0x00007f059d0e51e0, 0x00007f059d0e5b48]
Event: 3.323 Thread 0x00007f05ac0b3000  602       3       sun.util.PreHashedMap::get (73 bytes)
Event: 3.324 Thread 0x00007f05ac0b3000 nmethod 602 0x00007f059d0e5fd0 code [0x00007f059d0e61a0, 0x00007f059d0e68b8]
Event: 3.324 Thread 0x00007f05ac0b3000  601       1       java.net.URL::getPort (5 bytes)
Event: 3.324 Thread 0x00007f05ac0b3000 nmethod 601 0x00007f059d0e4d10 code [0x00007f059d0e4e60, 0x00007f059d0e4f70]

GC Heap History (1 events):
Event: 3.345 GC heap before
{Heap before GC invocations=1 (full 0):
 PSYoungGen      total 27648K, used 24064K [0x00000000e1780000, 0x00000000e3600000, 0x0000000100000000)
  eden space 24064K, 100% used [0x00000000e1780000,0x00000000e2f00000,0x00000000e2f00000)
  from space 3584K, 0% used [0x00000000e3280000,0x00000000e3280000,0x00000000e3600000)
  to   space 3584K, 0% used [0x00000000e2f00000,0x00000000e2f00000,0x00000000e3280000)
 ParOldGen       total 62976K, used 0K [0x00000000a4600000, 0x00000000a8380000, 0x00000000e1780000)
  object space 62976K, 0% used [0x00000000a4600000,0x00000000a4600000,0x00000000a8380000)
 Metaspace       used 6132K, capacity 6276K, committed 6400K, reserved 1056768K
  class space    used 652K, capacity 704K, committed 768K, reserved 1048576K

Deoptimization events (10 events):
Event: 0.551 Thread 0x00007f05ac00b000 Uncommon trap: reason=unstable_if action=reinterpret pc=0x00007f059cf6eb74 method=com.sun.org.apache.xerces.internal.util.SymbolTable.addSymbol([CII)Ljava/lang/String; @ 28
Event: 0.560 Thread 0x00007f05ac00b000 Uncommon trap: reason=unstable_if action=reinterpret pc=0x00007f059cf83564 method=com.sun.org.apache.xerces.internal.impl.XMLEntityScanner.scanContent(Lcom/sun/org/apache/xerces/internal/xni/XMLString;)I @ 670
Event: 1.076 Thread 0x00007f05ac00b000 Uncommon trap: reason=unstable_if action=reinterpret pc=0x00007f059cf9b674 method=com.sun.org.apache.xerces.internal.impl.XMLEntityScanner.skipSpaces()Z @ 85
Event: 1.079 Thread 0x00007f05ac00b000 Uncommon trap: reason=unstable_if action=reinterpret pc=0x00007f059cfe1be0 method=com.sun.org.apache.xerces.internal.impl.io.UTF8Reader.read([CII)I @ 75
Event: 1.772 Thread 0x00007f05ac00b000 Uncommon trap: reason=unstable_if action=reinterpret pc=0x00007f059cffdd54 method=java.util.HashMap.resize()[Ljava/util/HashMap$Node; @ 68
Event: 1.884 Thread 0x00007f05ac00b000 Uncommon trap: reason=class_check action=maybe_recompile pc=0x00007f059d001840 method=java.util.HashMap.putVal(ILjava/lang/Object;Ljava/lang/Object;ZZ)Ljava/lang/Object; @ 56
Event: 1.888 Thread 0x00007f05ac00b000 Uncommon trap: reason=class_check action=maybe_recompile pc=0x00007f059d001840 method=java.util.HashMap.putVal(ILjava/lang/Object;Ljava/lang/Object;ZZ)Ljava/lang/Object; @ 56
Event: 2.067 Thread 0x00007f05ac00b000 Uncommon trap: reason=unstable_if action=reinterpret pc=0x00007f059d0a9548 method=java.util.HashMap.get(Ljava/lang/Object;)Ljava/lang/Object; @ 11
Event: 2.716 Thread 0x00007f05ac00b000 Uncommon trap: reason=unstable_if action=reinterpret pc=0x00007f059d006c68 method=java.lang.String.<init>([CII)V @ 18
Event: 3.304 Thread 0x00007f05ac00b000 Uncommon trap: reason=unstable_if action=reinterpret pc=0x00007f059d00156c method=java.util.HashMap.putVal(ILjava/lang/Object;Ljava/lang/Object;ZZ)Ljava/lang/Object; @ 94

Classes redefined (0 events):
No events

Internal exceptions (10 events):
Event: 0.251 Thread 0x00007f05ac00b000 Exception <a 'java/security/PrivilegedActionException'> (0x00000000e1889d10) thrown at [/build/openjdk-8-8u162-b12/src/hotspot/src/share/vm/prims/jvm.cpp, line 1390]
Event: 0.251 Thread 0x00007f05ac00b000 Exception <a 'java/security/PrivilegedActionException'> (0x00000000e188bd98) thrown at [/build/openjdk-8-8u162-b12/src/hotspot/src/share/vm/prims/jvm.cpp, line 1390]
Event: 0.251 Thread 0x00007f05ac00b000 Exception <a 'java/security/PrivilegedActionException'> (0x00000000e188bfa8) thrown at [/build/openjdk-8-8u162-b12/src/hotspot/src/share/vm/prims/jvm.cpp, line 1390]
Event: 0.251 Thread 0x00007f05ac00b000 Exception <a 'java/security/PrivilegedActionException'> (0x00000000e188ca80) thrown at [/build/openjdk-8-8u162-b12/src/hotspot/src/share/vm/prims/jvm.cpp, line 1390]
Event: 0.251 Thread 0x00007f05ac00b000 Exception <a 'java/security/PrivilegedActionException'> (0x00000000e188cc90) thrown at [/build/openjdk-8-8u162-b12/src/hotspot/src/share/vm/prims/jvm.cpp, line 1390]
Event: 0.549 Thread 0x00007f05ac00b000 Implicit null exception at 0x00007f059cfc7b14 to 0x00007f059cfc859d
Event: 0.551 Thread 0x00007f05ac00b000 Implicit null exception at 0x00007f059cf6e8ef to 0x00007f059cf6eb4d
Event: 1.683 Thread 0x00007f05ac00b000 Exception <a 'java/lang/NoSuchFieldError': method resolution failed> (0x00000000e2ca32f8) thrown at [/build/openjdk-8-8u162-b12/src/hotspot/src/share/vm/prims/methodHandles.cpp, line 1167]
Event: 1.697 Thread 0x00007f05ac00b000 Exception <a 'java/lang/NoSuchFieldError': method resolution failed> (0x00000000e2cb06a8) thrown at [/build/openjdk-8-8u162-b12/src/hotspot/src/share/vm/prims/methodHandles.cpp, line 1167]
Event: 1.867 Thread 0x00007f05ac00b000 Exception <a 'java/lang/NoSuchMethodError': java.lang.Object.lambda$comparing$77a9974f$1(Ljava/util/function/Function;Ljava/lang/Object;Ljava/lang/Object;)I> (0x00000000e2d33d70) thrown at [/build/openjdk-8-8u162-b12/src/hotspot/src/share/vm/interpreter/l

Events (10 events):
Event: 3.327 loading class sun/nio/cs/ext/IBM285 done
Event: 3.327 loading class sun/nio/cs/ext/IBM284
Event: 3.328 loading class sun/nio/cs/ext/IBM284 done
Event: 3.328 loading class sun/nio/cs/ext/ISO2022_JP
Event: 3.330 loading class sun/nio/cs/ext/ISO2022_JP done
Event: 3.330 loading class sun/nio/cs/ext/IBM280
Event: 3.331 loading class sun/nio/cs/ext/IBM280 done
Event: 3.332 loading class sun/nio/cs/ext/Big5
Event: 3.333 loading class sun/nio/cs/ext/Big5 done
Event: 3.340 Executing VM operation: ParallelGCFailedAllocation


Dynamic libraries:
a4600000-a8380000 rw-p 00000000 00:00 0 
a8380000-e1780000 ---p 00000000 00:00 0 
e1780000-e3600000 rw-p 00000000 00:00 0 
e4d80000-100000000 ---p 00000000 00:00 0 
100000000-1000c0000 rw-p 00000000 00:00 0 
1000c0000-140000000 ---p 00000000 00:00 0 
55ff3ba50000-55ff3ba51000 r-xp 00000000 08:01 2633721                    /usr/lib/jvm/java-8-openjdk-amd64/jre/bin/java
55ff3bc50000-55ff3bc51000 r--p 00000000 08:01 2633721                    /usr/lib/jvm/java-8-openjdk-amd64/jre/bin/java
55ff3bc51000-55ff3bc52000 rw-p 00001000 08:01 2633721                    /usr/lib/jvm/java-8-openjdk-amd64/jre/bin/java
55ff3c33a000-55ff3c35b000 rw-p 00000000 00:00 0                          [heap]
7f0560000000-7f0560021000 rw-p 00000000 00:00 0 
7f0560021000-7f0564000000 ---p 00000000 00:00 0 
7f0564000000-7f0564021000 rw-p 00000000 00:00 0 
7f0564021000-7f0568000000 ---p 00000000 00:00 0 
7f0568000000-7f0568a53000 rw-p 00000000 00:00 0 
7f0568a53000-7f056c000000 ---p 00000000 00:00 0 
7f056c000000-7f056c4fe000 rw-p 00000000 00:00 0 
7f056c4fe000-7f0570000000 ---p 00000000 00:00 0 
7f0570000000-7f0570021000 rw-p 00000000 00:00 0 
7f0570021000-7f0574000000 ---p 00000000 00:00 0 
7f0574000000-7f057493b000 rw-p 00000000 00:00 0 
7f057493b000-7f0578000000 ---p 00000000 00:00 0 
7f0578000000-7f0578021000 rw-p 00000000 00:00 0 
7f0578021000-7f057c000000 ---p 00000000 00:00 0 
7f057c000000-7f057c021000 rw-p 00000000 00:00 0 
7f057c021000-7f0580000000 ---p 00000000 00:00 0 
7f0580000000-7f0580021000 rw-p 00000000 00:00 0 
7f0580021000-7f0584000000 ---p 00000000 00:00 0 
7f0586d37000-7f0586d3c000 r--s 002f9000 08:01 2633818                    /usr/lib/jvm/java-8-openjdk-amd64/jre/lib/charsets.jar
7f0586d3c000-7f0586d41000 r--s 002f9000 08:01 2633818                    /usr/lib/jvm/java-8-openjdk-amd64/jre/lib/charsets.jar
7f0586d41000-7f0586d54000 r--s 00346000 08:01 2633851                    /usr/lib/jvm/java-8-openjdk-amd64/jre/lib/resources.jar
7f0586d54000-7f0586d55000 ---p 00000000 00:00 0 
7f0586d55000-7f0586e55000 rw-p 00000000 00:00 0 
7f0586e55000-7f0586e58000 ---p 00000000 00:00 0 
7f0586e58000-7f0586f56000 rw-p 00000000 00:00 0 
7f0586f56000-7f0586f59000 ---p 00000000 00:00 0 
7f0586f59000-7f0587057000 rw-p 00000000 00:00 0 
7f0587057000-7f058705a000 ---p 00000000 00:00 0 
7f058705a000-7f0587158000 rw-p 00000000 00:00 0 
7f0587158000-7f058715b000 ---p 00000000 00:00 0 
7f058715b000-7f0587259000 rw-p 00000000 00:00 0 
7f0587259000-7f058725c000 ---p 00000000 00:00 0 
7f058725c000-7f058735a000 rw-p 00000000 00:00 0 
7f058735a000-7f05874f5000 r--p 00000000 08:01 2097444                    /usr/lib/locale/locale-archive
7f05874f5000-7f05874f8000 ---p 00000000 00:00 0 
7f05874f8000-7f05875f6000 rw-p 00000000 00:00 0 
7f05875f6000-7f05875f9000 ---p 00000000 00:00 0 
7f05875f9000-7f05876f7000 rw-p 00000000 00:00 0 
7f05876f7000-7f05876f8000 ---p 00000000 00:00 0 
7f05876f8000-7f0588000000 rw-p 00000000 00:00 0 
7f0588000000-7f0588021000 rw-p 00000000 00:00 0 
7f0588021000-7f058c000000 ---p 00000000 00:00 0 
7f058c002000-7f058c005000 r--s 00015000 08:01 2633845                    /usr/lib/jvm/java-8-openjdk-amd64/jre/lib/jce.jar
7f058c005000-7f058c00a000 r--s 0009d000 08:01 2633847                    /usr/lib/jvm/java-8-openjdk-amd64/jre/lib/jsse.jar
7f058c00a000-7f058c00d000 r--s 0000f000 08:01 2633828                    /usr/lib/jvm/java-8-openjdk-amd64/jre/lib/ext/icedtea-sound.jar
7f058c00d000-7f058c010000 r--s 00038000 08:01 2633834                    /usr/lib/jvm/java-8-openjdk-amd64/jre/lib/ext/sunpkcs11.jar
7f058c010000-7f058c02b000 r--s 00394000 08:01 2633826                    /usr/lib/jvm/java-8-openjdk-amd64/jre/lib/ext/cldrdata.jar
7f058c02b000-7f058c753000 rw-p 00000000 00:00 0 
7f058c753000-7f058ccd3000 rw-p 00000000 00:00 0 
7f058ccd3000-7f058cf53000 ---p 00000000 00:00 0 
7f058cf53000-7f0590000000 rw-p 00000000 00:00 0 
7f0590000000-7f0590021000 rw-p 00000000 00:00 0 
7f0590021000-7f0594000000 ---p 00000000 00:00 0 
7f0594000000-7f0594021000 rw-p 00000000 00:00 0 
7f0594021000-7f0598000000 ---p 00000000 00:00 0 
7f0598000000-7f0598021000 rw-p 00000000 00:00 0 
7f0598021000-7f059c000000 ---p 00000000 00:00 0 
7f059c000000-7f059c01b000 r--s 001d6000 08:01 2633831                    /usr/lib/jvm/java-8-openjdk-amd64/jre/lib/ext/nashorn.jar
7f059c01b000-7f059c09f000 rw-p 00000000 00:00 0 
7f059c09f000-7f059c26d000 r--s 03c2c000 08:01 2633852                    /usr/lib/jvm/java-8-openjdk-amd64/jre/lib/rt.jar
7f059c26d000-7f059c26e000 ---p 00000000 00:00 0 
7f059c26e000-7f059c36e000 rw-p 00000000 00:00 0 
7f059c36e000-7f059c36f000 ---p 00000000 00:00 0 
7f059c36f000-7f059c46f000 rw-p 00000000 00:00 0 
7f059c46f000-7f059c470000 ---p 00000000 00:00 0 
7f059c470000-7f059c570000 rw-p 00000000 00:00 0 
7f059c570000-7f059c58f000 rw-p 00000000 00:00 0 
7f059c58f000-7f059c759000 ---p 00000000 00:00 0 
7f059c759000-7f059c778000 rw-p 00000000 00:00 0 
7f059c778000-7f059c941000 ---p 00000000 00:00 0 
7f059c941000-7f059c951000 rw-p 00000000 00:00 0 
7f059c951000-7f059ca36000 ---p 00000000 00:00 0 
7f059ca36000-7f059ca43000 rw-p 00000000 00:00 0 
7f059ca43000-7f059cdf7000 ---p 00000000 00:00 0 
7f059cdf7000-7f059d0e7000 rwxp 00000000 00:00 0 
7f059d0e7000-7f05abdf7000 ---p 00000000 00:00 0 
7f05abdf7000-7f05abdff000 r-xp 00000000 08:01 2633815                    /usr/lib/jvm/java-8-openjdk-amd64/jre/lib/amd64/libzip.so
7f05abdff000-7f05abffe000 ---p 00008000 08:01 2633815                    /usr/lib/jvm/java-8-openjdk-amd64/jre/lib/amd64/libzip.so
7f05abffe000-7f05abfff000 r--p 00007000 08:01 2633815                    /usr/lib/jvm/java-8-openjdk-amd64/jre/lib/amd64/libzip.so
7f05abfff000-7f05ac000000 rw-p 00008000 08:01 2633815                    /usr/lib/jvm/java-8-openjdk-amd64/jre/lib/amd64/libzip.so
7f05ac000000-7f05ac22a000 rw-p 00000000 00:00 0 
7f05ac22a000-7f05b0000000 ---p 00000000 00:00 0 
7f05b0000000-7f05b0002000 r--s 00007000 08:01 2505448                    /usr/share/java/java-atk-wrapper.jar
7f05b0002000-7f05b0007000 r--s 0003b000 08:01 2633833                    /usr/lib/jvm/java-8-openjdk-amd64/jre/lib/ext/sunjce_provider.jar
7f05b0007000-7f05b0009000 r--s 00001000 08:01 2633827                    /usr/lib/jvm/java-8-openjdk-amd64/jre/lib/ext/dnsns.jar
7f05b0009000-7f05b000b000 r--s 00008000 08:01 2633832                    /usr/lib/jvm/java-8-openjdk-amd64/jre/lib/ext/sunec.jar
7f05b000b000-7f05b0015000 r--s 00116000 08:01 2633830                    /usr/lib/jvm/java-8-openjdk-amd64/jre/lib/ext/localedata.jar
7f05b0015000-7f05b008b000 rw-p 00000000 00:00 0 
7f05b008b000-7f05b008c000 ---p 00000000 00:00 0 
7f05b008c000-7f05b018c000 rw-p 00000000 00:00 0 
7f05b018c000-7f05b0196000 r-xp 00000000 08:01 655378                     /lib/x86_64-linux-gnu/libnss_files-2.24.so
7f05b0196000-7f05b0396000 ---p 0000a000 08:01 655378                     /lib/x86_64-linux-gnu/libnss_files-2.24.so
7f05b0396000-7f05b0397000 r--p 0000a000 08:01 655378                     /lib/x86_64-linux-gnu/libnss_files-2.24.so
7f05b0397000-7f05b0398000 rw-p 0000b000 08:01 655378                     /lib/x86_64-linux-gnu/libnss_files-2.24.so
7f05b0398000-7f05b039e000 rw-p 00000000 00:00 0 
7f05b039e000-7f05b03a9000 r-xp 00000000 08:01 655380                     /lib/x86_64-linux-gnu/libnss_nis-2.24.so
7f05b03a9000-7f05b05a8000 ---p 0000b000 08:01 655380                     /lib/x86_64-linux-gnu/libnss_nis-2.24.so
7f05b05a8000-7f05b05a9000 r--p 0000a000 08:01 655380                     /lib/x86_64-linux-gnu/libnss_nis-2.24.so
7f05b05a9000-7f05b05aa000 rw-p 0000b000 08:01 655380                     /lib/x86_64-linux-gnu/libnss_nis-2.24.so
7f05b05aa000-7f05b05be000 r-xp 00000000 08:01 655375                     /lib/x86_64-linux-gnu/libnsl-2.24.so
7f05b05be000-7f05b07be000 ---p 00014000 08:01 655375                     /lib/x86_64-linux-gnu/libnsl-2.24.so
7f05b07be000-7f05b07bf000 r--p 00014000 08:01 655375                     /lib/x86_64-linux-gnu/libnsl-2.24.so
7f05b07bf000-7f05b07c0000 rw-p 00015000 08:01 655375                     /lib/x86_64-linux-gnu/libnsl-2.24.so
7f05b07c0000-7f05b07c2000 rw-p 00000000 00:00 0 
7f05b07c2000-7f05b07c9000 r-xp 00000000 08:01 655376                     /lib/x86_64-linux-gnu/libnss_compat-2.24.so
7f05b07c9000-7f05b09c8000 ---p 00007000 08:01 655376                     /lib/x86_64-linux-gnu/libnss_compat-2.24.so
7f05b09c8000-7f05b09c9000 r--p 00006000 08:01 655376                     /lib/x86_64-linux-gnu/libnss_compat-2.24.so
7f05b09c9000-7f05b09ca000 rw-p 00007000 08:01 655376                     /lib/x86_64-linux-gnu/libnss_compat-2.24.so
7f05b09ca000-7f05b09f7000 r-xp 00000000 08:01 2633792                    /usr/lib/jvm/java-8-openjdk-amd64/jre/lib/amd64/libjava.so
7f05b09f7000-7f05b0bf7000 ---p 0002d000 08:01 2633792                    /usr/lib/jvm/java-8-openjdk-amd64/jre/lib/amd64/libjava.so
7f05b0bf7000-7f05b0bf8000 r--p 0002d000 08:01 2633792                    /usr/lib/jvm/java-8-openjdk-amd64/jre/lib/amd64/libjava.so
7f05b0bf8000-7f05b0bfa000 rw-p 0002e000 08:01 2633792                    /usr/lib/jvm/java-8-openjdk-amd64/jre/lib/amd64/libjava.so
7f05b0bfa000-7f05b0c09000 r-xp 00000000 08:01 2633814                    /usr/lib/jvm/java-8-openjdk-amd64/jre/lib/amd64/libverify.so
7f05b0c09000-7f05b0e09000 ---p 0000f000 08:01 2633814                    /usr/lib/jvm/java-8-openjdk-amd64/jre/lib/amd64/libverify.so
7f05b0e09000-7f05b0e0b000 r--p 0000f000 08:01 2633814                    /usr/lib/jvm/java-8-openjdk-amd64/jre/lib/amd64/libverify.so
7f05b0e0b000-7f05b0e0c000 rw-p 00011000 08:01 2633814                    /usr/lib/jvm/java-8-openjdk-amd64/jre/lib/amd64/libverify.so
7f05b0e0c000-7f05b0e13000 r-xp 00000000 08:01 655385                     /lib/x86_64-linux-gnu/librt-2.24.so
7f05b0e13000-7f05b1012000 ---p 00007000 08:01 655385                     /lib/x86_64-linux-gnu/librt-2.24.so
7f05b1012000-7f05b1013000 r--p 00006000 08:01 655385                     /lib/x86_64-linux-gnu/librt-2.24.so
7f05b1013000-7f05b1014000 rw-p 00007000 08:01 655385                     /lib/x86_64-linux-gnu/librt-2.24.so
7f05b1014000-7f05b102a000 r-xp 00000000 08:01 662312                     /lib/x86_64-linux-gnu/libgcc_s.so.1
7f05b102a000-7f05b1229000 ---p 00016000 08:01 662312                     /lib/x86_64-linux-gnu/libgcc_s.so.1
7f05b1229000-7f05b122a000 r--p 00015000 08:01 662312                     /lib/x86_64-linux-gnu/libgcc_s.so.1
7f05b122a000-7f05b122b000 rw-p 00016000 08:01 662312                     /lib/x86_64-linux-gnu/libgcc_s.so.1
7f05b122b000-7f05b132e000 r-xp 00000000 08:01 655372                     /lib/x86_64-linux-gnu/libm-2.24.so
7f05b132e000-7f05b152d000 ---p 00103000 08:01 655372                     /lib/x86_64-linux-gnu/libm-2.24.so
7f05b152d000-7f05b152e000 r--p 00102000 08:01 655372                     /lib/x86_64-linux-gnu/libm-2.24.so
7f05b152e000-7f05b152f000 rw-p 00103000 08:01 655372                     /lib/x86_64-linux-gnu/libm-2.24.so
7f05b152f000-7f05b16a1000 r-xp 00000000 08:01 2097786                    /usr/lib/x86_64-linux-gnu/libstdc++.so.6.0.22
7f05b16a1000-7f05b18a1000 ---p 00172000 08:01 2097786                    /usr/lib/x86_64-linux-gnu/libstdc++.so.6.0.22
7f05b18a1000-7f05b18ab000 r--p 00172000 08:01 2097786                    /usr/lib/x86_64-linux-gnu/libstdc++.so.6.0.22
7f05b18ab000-7f05b18ad000 rw-p 0017c000 08:01 2097786                    /usr/lib/x86_64-linux-gnu/libstdc++.so.6.0.22
7f05b18ad000-7f05b18b1000 rw-p 00000000 00:00 0 
7f05b18b1000-7f05b250b000 r-xp 00000000 08:01 2633817                    /usr/lib/jvm/java-8-openjdk-amd64/jre/lib/amd64/server/libjvm.so
7f05b250b000-7f05b270a000 ---p 00c5a000 08:01 2633817                    /usr/lib/jvm/java-8-openjdk-amd64/jre/lib/amd64/server/libjvm.so
7f05b270a000-7f05b279e000 r--p 00c59000 08:01 2633817                    /usr/lib/jvm/java-8-openjdk-amd64/jre/lib/amd64/server/libjvm.so
7f05b279e000-7f05b27c7000 rw-p 00ced000 08:01 2633817                    /usr/lib/jvm/java-8-openjdk-amd64/jre/lib/amd64/server/libjvm.so
7f05b27c7000-7f05b27f7000 rw-p 00000000 00:00 0 
7f05b27f7000-7f05b298c000 r-xp 00000000 08:01 655368                     /lib/x86_64-linux-gnu/libc-2.24.so
7f05b298c000-7f05b2b8c000 ---p 00195000 08:01 655368                     /lib/x86_64-linux-gnu/libc-2.24.so
7f05b2b8c000-7f05b2b90000 r--p 00195000 08:01 655368                     /lib/x86_64-linux-gnu/libc-2.24.so
7f05b2b90000-7f05b2b92000 rw-p 00199000 08:01 655368                     /lib/x86_64-linux-gnu/libc-2.24.so
7f05b2b92000-7f05b2b96000 rw-p 00000000 00:00 0 
7f05b2b96000-7f05b2b99000 r-xp 00000000 08:01 655371                     /lib/x86_64-linux-gnu/libdl-2.24.so
7f05b2b99000-7f05b2d98000 ---p 00003000 08:01 655371                     /lib/x86_64-linux-gnu/libdl-2.24.so
7f05b2d98000-7f05b2d99000 r--p 00002000 08:01 655371                     /lib/x86_64-linux-gnu/libdl-2.24.so
7f05b2d99000-7f05b2d9a000 rw-p 00003000 08:01 655371                     /lib/x86_64-linux-gnu/libdl-2.24.so
7f05b2d9a000-7f05b2da7000 r-xp 00000000 08:01 2633731                    /usr/lib/jvm/java-8-openjdk-amd64/jre/lib/amd64/jli/libjli.so
7f05b2da7000-7f05b2fa7000 ---p 0000d000 08:01 2633731                    /usr/lib/jvm/java-8-openjdk-amd64/jre/lib/amd64/jli/libjli.so
7f05b2fa7000-7f05b2fa8000 r--p 0000d000 08:01 2633731                    /usr/lib/jvm/java-8-openjdk-amd64/jre/lib/amd64/jli/libjli.so
7f05b2fa8000-7f05b2fa9000 rw-p 0000e000 08:01 2633731                    /usr/lib/jvm/java-8-openjdk-amd64/jre/lib/amd64/jli/libjli.so
7f05b2fa9000-7f05b2fc2000 r-xp 00000000 08:01 655450                     /lib/x86_64-linux-gnu/libz.so.1.2.8
7f05b2fc2000-7f05b31c1000 ---p 00019000 08:01 655450                     /lib/x86_64-linux-gnu/libz.so.1.2.8
7f05b31c1000-7f05b31c2000 r--p 00018000 08:01 655450                     /lib/x86_64-linux-gnu/libz.so.1.2.8
7f05b31c2000-7f05b31c3000 rw-p 00019000 08:01 655450                     /lib/x86_64-linux-gnu/libz.so.1.2.8
7f05b31c3000-7f05b31db000 r-xp 00000000 08:01 655383                     /lib/x86_64-linux-gnu/libpthread-2.24.so
7f05b31db000-7f05b33da000 ---p 00018000 08:01 655383                     /lib/x86_64-linux-gnu/libpthread-2.24.so
7f05b33da000-7f05b33db000 r--p 00017000 08:01 655383                     /lib/x86_64-linux-gnu/libpthread-2.24.so
7f05b33db000-7f05b33dc000 rw-p 00018000 08:01 655383                     /lib/x86_64-linux-gnu/libpthread-2.24.so
7f05b33dc000-7f05b33e0000 rw-p 00000000 00:00 0 
7f05b33e0000-7f05b3403000 r-xp 00000000 08:01 655363                     /lib/x86_64-linux-gnu/ld-2.24.so
7f05b3403000-7f05b3404000 r--s 00010000 08:01 2633835                    /usr/lib/jvm/java-8-openjdk-amd64/jre/lib/ext/zipfs.jar
7f05b3404000-7f05b34d5000 rw-p 00000000 00:00 0 
7f05b34d5000-7f05b34d8000 ---p 00000000 00:00 0 
7f05b34d8000-7f05b35d8000 rw-p 00000000 00:00 0 
7f05b35d8000-7f05b35d9000 r--s 0000a000 08:01 2633829                    /usr/lib/jvm/java-8-openjdk-amd64/jre/lib/ext/jaccess.jar
7f05b35d9000-7f05b35f6000 rw-p 00000000 00:00 0 
7f05b35f6000-7f05b35fe000 rw-s 00000000 08:01 2625003                    /tmp/hsperfdata_firelegacy/23512
7f05b35fe000-7f05b35ff000 rw-p 00000000 00:00 0 
7f05b35ff000-7f05b3600000 ---p 00000000 00:00 0 
7f05b3600000-7f05b3603000 rw-p 00000000 00:00 0 
7f05b3603000-7f05b3604000 r--p 00023000 08:01 655363                     /lib/x86_64-linux-gnu/ld-2.24.so
7f05b3604000-7f05b3605000 rw-p 00024000 08:01 655363                     /lib/x86_64-linux-gnu/ld-2.24.so
7f05b3605000-7f05b3606000 rw-p 00000000 00:00 0 
7fff2455b000-7fff2457c000 rw-p 00000000 00:00 0                          [stack]
7fff245e9000-7fff245eb000 r--p 00000000 00:00 0                          [vvar]
7fff245eb000-7fff245ed000 r-xp 00000000 00:00 0                          [vdso]
ffffffffff600000-ffffffffff601000 r-xp 00000000 00:00 0                  [vsyscall]

VM Arguments:
jvm_args: -Dfile.encoding=UTF-8 
java_command: main.Main
java_class_path (initial): /usr/lib/jvm/java-8-openjdk-amd64/jre/lib/resources.jar:/usr/lib/jvm/java-8-openjdk-amd64/jre/lib/rt.jar:/usr/lib/jvm/java-8-openjdk-amd64/jre/lib/jsse.jar:/usr/lib/jvm/java-8-openjdk-amd64/jre/lib/jce.jar:/usr/lib/jvm/java-8-openjdk-amd64/jre/lib/charsets.jar:/usr/lib/jvm/java-8-openjdk-amd64/jre/lib/ext/localedata.jar:/usr/lib/jvm/java-8-openjdk-amd64/jre/lib/ext/sunec.jar:/usr/lib/jvm/java-8-openjdk-amd64/jre/lib/ext/dnsns.jar:/usr/lib/jvm/java-8-openjdk-amd64/jre/lib/ext/jaccess.jar:/usr/lib/jvm/java-8-openjdk-amd64/jre/lib/ext/sunjce_provider.jar:/usr/lib/jvm/java-8-openjdk-amd64/jre/lib/ext/nashorn.jar:/usr/lib/jvm/java-8-openjdk-amd64/jre/lib/ext/cldrdata.jar:/usr/lib/jvm/java-8-openjdk-amd64/jre/lib/ext/java-atk-wrapper.jar:/usr/lib/jvm/java-8-openjdk-amd64/jre/lib/ext/sunpkcs11.jar:/usr/lib/jvm/java-8-openjdk-amd64/jre/lib/ext/zipfs.jar:/usr/lib/jvm/java-8-openjdk-amd64/jre/lib/ext/icedtea-sound.jar:/home/firelegacy/Cours/SD/SDXML/projet/bin
Launcher Type: SUN_STANDARD

Environment Variables:
JAVA_HOME=/usr/lib/jvm/oracle-java8-jdk-amd64
PATH=/usr/local/bin:/usr/bin:/bin:/usr/local/games:/usr/games
SHELL=/bin/bash
DISPLAY=:0

Signal Handlers:
SIGSEGV: [libjvm.so+0xa70ed0], sa_mask[0]=11111111011111111101111111111110, sa_flags=SA_RESTART|SA_SIGINFO
SIGBUS: [libjvm.so+0xa70ed0], sa_mask[0]=11111111011111111101111111111110, sa_flags=SA_RESTART|SA_SIGINFO
SIGFPE: [libjvm.so+0x8b9a30], sa_mask[0]=11111111011111111101111111111110, sa_flags=SA_RESTART|SA_SIGINFO
SIGPIPE: [libjvm.so+0x8b9a30], sa_mask[0]=11111111011111111101111111111110, sa_flags=SA_RESTART|SA_SIGINFO
SIGXFSZ: [libjvm.so+0x8b9a30], sa_mask[0]=11111111011111111101111111111110, sa_flags=SA_RESTART|SA_SIGINFO
SIGILL: [libjvm.so+0x8b9a30], sa_mask[0]=11111111011111111101111111111110, sa_flags=SA_RESTART|SA_SIGINFO
SIGUSR1: SIG_DFL, sa_mask[0]=00000000000000000000000000000000, sa_flags=none
SIGUSR2: [libjvm.so+0x8b98e0], sa_mask[0]=00100000000000000000000000000000, sa_flags=SA_RESTART|SA_SIGINFO
SIGHUP: [libjvm.so+0x8b9d90], sa_mask[0]=11111111011111111101111111111110, sa_flags=SA_RESTART|SA_SIGINFO
SIGINT: [libjvm.so+0x8b9d90], sa_mask[0]=11111111011111111101111111111110, sa_flags=SA_RESTART|SA_SIGINFO
SIGTERM: [libjvm.so+0x8b9d90], sa_mask[0]=11111111011111111101111111111110, sa_flags=SA_RESTART|SA_SIGINFO
SIGQUIT: [libjvm.so+0x8b9d90], sa_mask[0]=11111111011111111101111111111110, sa_flags=SA_RESTART|SA_SIGINFO


---------------  S Y S T E M  ---------------

OS:PRETTY_NAME="Debian GNU/Linux 9 (stretch)"
NAME="Debian GNU/Linux"
VERSION_ID="9"
VERSION="9 (stretch)"
ID=debian
HOME_URL="https://www.debian.org/"
SUPPORT_URL="https://www.debian.org/support"
BUG_REPORT_URL="https://bugs.debian.org/"

uname:Linux 4.9.0-6-amd64 #1 SMP Debian 4.9.82-1+deb9u3 (2018-03-02) x86_64
libc:glibc 2.24 NPTL 2.24 
rlimit: STACK 8192k, CORE 0k, NPROC 23337, NOFILE 1048576, AS infinity
load average:2.53 0.90 0.54

/proc/meminfo:
MemTotal:        5998176 kB
MemFree:           94048 kB
MemAvailable:          0 kB
Buffers:             372 kB
Cached:           260760 kB
SwapCached:          936 kB
Active:          4956540 kB
Inactive:         713160 kB
Active(anon):    4951208 kB
Inactive(anon):   707400 kB
Active(file):       5332 kB
Inactive(file):     5760 kB
Unevictable:         672 kB
Mlocked:             672 kB
SwapTotal:       1034236 kB
SwapFree:              0 kB
Dirty:                 8 kB
Writeback:            12 kB
AnonPages:       5408768 kB
Mapped:            48908 kB
Shmem:            249952 kB
Slab:              77300 kB
SReclaimable:      27520 kB
SUnreclaim:        49780 kB
KernelStack:       13248 kB
PageTables:        73808 kB
NFS_Unstable:          0 kB
Bounce:                0 kB
WritebackTmp:          0 kB
CommitLimit:     4033324 kB
Committed_AS:   19762896 kB
VmallocTotal:   34359738367 kB
VmallocUsed:           0 kB
VmallocChunk:          0 kB
HardwareCorrupted:     0 kB
AnonHugePages:         0 kB
ShmemHugePages:        0 kB
ShmemPmdMapped:        0 kB
HugePages_Total:       0
HugePages_Free:        0
HugePages_Rsvd:        0
HugePages_Surp:        0
Hugepagesize:       2048 kB
DirectMap4k:      352156 kB
DirectMap2M:     5822464 kB


CPU:total 4 (initial active 4) (2 cores per cpu, 2 threads per core) family 6 model 58 stepping 9, cmov, cx8, fxsr, mmx, sse, sse2, sse3, ssse3, sse4.1, sse4.2, popcnt, avx, aes, clmul, erms, ht, tsc, tscinvbit, tscinv

/proc/cpuinfo:
processor	: 0
vendor_id	: GenuineIntel
cpu family	: 6
model		: 58
model name	: Intel(R) Core(TM) i7-3517U CPU @ 1.90GHz
stepping	: 9
microcode	: 0x15
cpu MHz		: 2602.734
cache size	: 4096 KB
physical id	: 0
siblings	: 4
core id		: 0
cpu cores	: 2
apicid		: 0
initial apicid	: 0
fpu		: yes
fpu_exception	: yes
cpuid level	: 13
wp		: yes
flags		: fpu vme de pse tsc msr pae mce cx8 apic sep mtrr pge mca cmov pat pse36 clflush dts acpi mmx fxsr sse sse2 ss ht tm pbe syscall nx rdtscp lm constant_tsc arch_perfmon pebs bts rep_good nopl xtopology nonstop_tsc aperfmperf eagerfpu pni pclmulqdq dtes64 monitor ds_cpl vmx est tm2 ssse3 cx16 xtpr pdcm pcid sse4_1 sse4_2 x2apic popcnt tsc_deadline_timer aes xsave avx f16c rdrand lahf_lm epb kaiser tpr_shadow vnmi flexpriority ept vpid fsgsbase smep erms xsaveopt dtherm ida arat pln pts
bugs		: cpu_meltdown spectre_v1 spectre_v2
bogomips	: 4789.02
clflush size	: 64
cache_alignment	: 64
address sizes	: 36 bits physical, 48 bits virtual
power management:

processor	: 1
vendor_id	: GenuineIntel
cpu family	: 6
model		: 58
model name	: Intel(R) Core(TM) i7-3517U CPU @ 1.90GHz
stepping	: 9
microcode	: 0x15
cpu MHz		: 2601.269
cache size	: 4096 KB
physical id	: 0
siblings	: 4
core id		: 1
cpu cores	: 2
apicid		: 2
initial apicid	: 2
fpu		: yes
fpu_exception	: yes
cpuid level	: 13
wp		: yes
flags		: fpu vme de pse tsc msr pae mce cx8 apic sep mtrr pge mca cmov pat pse36 clflush dts acpi mmx fxsr sse sse2 ss ht tm pbe syscall nx rdtscp lm constant_tsc arch_perfmon pebs bts rep_good nopl xtopology nonstop_tsc aperfmperf eagerfpu pni pclmulqdq dtes64 monitor ds_cpl vmx est tm2 ssse3 cx16 xtpr pdcm pcid sse4_1 sse4_2 x2apic popcnt tsc_deadline_timer aes xsave avx f16c rdrand lahf_lm epb kaiser tpr_shadow vnmi flexpriority ept vpid fsgsbase smep erms xsaveopt dtherm ida arat pln pts
bugs		: cpu_meltdown spectre_v1 spectre_v2
bogomips	: 4789.02
clflush size	: 64
cache_alignment	: 64
address sizes	: 36 bits physical, 48 bits virtual
power management:

processor	: 2
vendor_id	: GenuineIntel
cpu family	: 6
model		: 58
model name	: Intel(R) Core(TM) i7-3517U CPU @ 1.90GHz
stepping	: 9
microcode	: 0x15
cpu MHz		: 2341.552
cache size	: 4096 KB
physical id	: 0
siblings	: 4
core id		: 0
cpu cores	: 2
apicid		: 1
initial apicid	: 1
fpu		: yes
fpu_exception	: yes
cpuid level	: 13
wp		: yes
flags		: fpu vme de pse tsc msr pae mce cx8 apic sep mtrr pge mca cmov pat pse36 clflush dts acpi mmx fxsr sse sse2 ss ht tm pbe syscall nx rdtscp lm constant_tsc arch_perfmon pebs bts rep_good nopl xtopology nonstop_tsc aperfmperf eagerfpu pni pclmulqdq dtes64 monitor ds_cpl vmx est tm2 ssse3 cx16 xtpr pdcm pcid sse4_1 sse4_2 x2apic popcnt tsc_deadline_timer aes xsave avx f16c rdrand lahf_lm epb kaiser tpr_shadow vnmi flexpriority ept vpid fsgsbase smep erms xsaveopt dtherm ida arat pln pts
bugs		: cpu_meltdown spectre_v1 spectre_v2
bogomips	: 4789.02
clflush size	: 64
cache_alignment	: 64
address sizes	: 36 bits physical, 48 bits virtual
power management:

processor	: 3
vendor_id	: GenuineIntel
cpu family	: 6
model		: 58
model name	: Intel(R) Core(TM) i7-3517U CPU @ 1.90GHz
stepping	: 9
microcode	: 0x15
cpu MHz		: 2251.904
cache size	: 4096 KB
physical id	: 0
siblings	: 4
core id		: 1
cpu cores	: 2
apicid		: 3
initial apicid	: 3
fpu		: yes
fpu_exception	: yes
cpuid level	: 13
wp		: yes
flags		: fpu vme de pse tsc msr pae mce cx8 apic sep mtrr pge mca cmov pat pse36 clflush dts acpi mmx fxsr sse sse2 ss ht tm pbe syscall nx rdtscp lm constant_tsc arch_perfmon pebs bts rep_good nopl xtopology nonstop_tsc aperfmperf eagerfpu pni pclmulqdq dtes64 monitor ds_cpl vmx est tm2 ssse3 cx16 xtpr pdcm pcid sse4_1 sse4_2 x2apic popcnt tsc_deadline_timer aes xsave avx f16c rdrand lahf_lm epb kaiser tpr_shadow vnmi flexpriority ept vpid fsgsbase smep erms xsaveopt dtherm ida arat pln pts
bugs		: cpu_meltdown spectre_v1 spectre_v2
bogomips	: 4789.02
clflush size	: 64
cache_alignment	: 64
address sizes	: 36 bits physical, 48 bits virtual
power management:



Memory: 4k page, physical 5998176k(94004k free), swap 1034236k(0k free)

vm_info: OpenJDK 64-Bit Server VM (25.162-b12) for linux-amd64 JRE (1.8.0_162-8u162-b12-1~deb9u1-b12), built on Mar 15 2018 23:05:30 by "pbuilder" with gcc 6.3.0 20170516

time: Fri Mar 23 09:09:44 2018
elapsed time: 6 seconds (0d 0h 0m 6s)

